2023-11-08 09:22:27,114 [Worker-5: Loading available Gradle versions] INFO  o.e.b.c.i.u.g.PublishedGradleVersions - Gradle version information cache is up-to-date. Trying to read.
2023-11-08 09:25:32,931 [Worker-8: Building] INFO  o.e.m.c.i.l.LifecycleMappingFactory - Using org.maven.ide.eclipse.wtp.WarLifecycleMapping lifecycle mapping for MavenProject: com.techsen:vConsumable:0.0.1-SNAPSHOT @ F:\KANE_MOONPO_VINA\KANE_DEVELOPMENT\vConsumable\pom.xml.
2023-11-08 09:25:32,931 [Worker-31: Updating Maven Dependencies] INFO  o.e.m.c.i.l.LifecycleMappingFactory - Using org.maven.ide.eclipse.wtp.WarLifecycleMapping lifecycle mapping for MavenProject: com.techsen:vConsumable:0.0.1-SNAPSHOT @ F:\KANE_MOONPO_VINA\KANE_DEVELOPMENT\vConsumable\pom.xml.
2023-11-08 09:25:35,838 [Worker-8: Building] WARN  o.a.m.s.f.DefaultMavenResourcesFiltering - Using platform encoding (Cp1252 actually) to copy filtered resources, i.e. build is platform dependent!
2023-11-08 09:25:35,845 [Worker-8: Building] INFO  o.a.m.s.f.DefaultMavenResourcesFiltering - Copying 5 resources from src\main\resources to target\classes
2023-11-08 09:25:35,919 [Worker-8: Building] INFO  o.e.m.c.i.embedder.EclipseLogger - Changes detected - recompiling the module!
2023-11-08 09:25:35,921 [Worker-8: Building] WARN  o.e.m.c.i.embedder.EclipseLogger - File encoding has not been set, using platform encoding Cp1252, i.e. build is platform dependent!
2023-11-08 09:25:35,926 [Worker-8: Building] INFO  o.e.m.c.i.embedder.EclipseLogger - Compiling 58 source files to F:\KANE_MOONPO_VINA\KANE_DEVELOPMENT\vConsumable\target\classes
2023-11-08 09:25:37,311 [Worker-8: Building] ERROR o.e.m.c.i.embedder.EclipseLogger - /F:/KANE_MOONPO_VINA/KANE_DEVELOPMENT/vConsumable/src/main/java/com/techsen/consumable/sql/utils/QueryString.java:[6,33] unmappable character (0x8D) for encoding windows-1252
2023-11-08 09:25:37,312 [Worker-8: Building] ERROR o.e.m.c.i.embedder.EclipseLogger - /F:/KANE_MOONPO_VINA/KANE_DEVELOPMENT/vConsumable/src/main/java/com/techsen/consumable/struts/action/GridAction.java:[99,51] unmappable character (0x90) for encoding windows-1252
2023-11-08 09:25:37,312 [Worker-8: Building] ERROR o.e.m.c.i.embedder.EclipseLogger - /F:/KANE_MOONPO_VINA/KANE_DEVELOPMENT/vConsumable/src/main/java/com/techsen/consumable/struts/action/GridAction.java:[118,58] unmappable character (0x90) for encoding windows-1252
2023-11-08 09:25:37,312 [Worker-8: Building] ERROR o.e.m.c.i.embedder.EclipseLogger - /F:/KANE_MOONPO_VINA/KANE_DEVELOPMENT/vConsumable/src/main/java/com/techsen/consumable/struts/action/GridAction.java:[153,51] unmappable character (0x90) for encoding windows-1252
2023-11-08 09:25:37,313 [Worker-8: Building] ERROR o.e.m.c.i.embedder.EclipseLogger - /F:/KANE_MOONPO_VINA/KANE_DEVELOPMENT/vConsumable/src/main/java/com/techsen/consumable/struts/action/GridAction.java:[159,58] unmappable character (0x90) for encoding windows-1252
2023-11-08 09:25:37,313 [Worker-8: Building] ERROR o.e.m.c.i.embedder.EclipseLogger - /F:/KANE_MOONPO_VINA/KANE_DEVELOPMENT/vConsumable/src/main/java/com/techsen/consumable/action/DetailsAction.java:[24,33] unmappable character (0x8D) for encoding windows-1252
2023-11-08 09:25:37,313 [Worker-8: Building] ERROR o.e.m.c.i.embedder.EclipseLogger - /F:/KANE_MOONPO_VINA/KANE_DEVELOPMENT/vConsumable/src/main/java/com/techsen/consumable/service/DetailsServiceI.java:[8,33] unmappable character (0x8D) for encoding windows-1252
2023-11-08 09:25:37,313 [Worker-8: Building] ERROR o.e.m.c.i.embedder.EclipseLogger - /F:/KANE_MOONPO_VINA/KANE_DEVELOPMENT/vConsumable/src/main/java/com/techsen/consumable/struts/action/LoginAction.java:[89,35] unmappable character (0x90) for encoding windows-1252
2023-11-08 09:25:37,313 [Worker-8: Building] ERROR o.e.m.c.i.embedder.EclipseLogger - /F:/KANE_MOONPO_VINA/KANE_DEVELOPMENT/vConsumable/src/main/java/com/techsen/consumable/struts/action/LoginAction.java:[89,40] unmappable character (0x90) for encoding windows-1252
2023-11-08 09:25:37,314 [Worker-8: Building] ERROR o.e.m.c.i.embedder.EclipseLogger - /F:/KANE_MOONPO_VINA/KANE_DEVELOPMENT/vConsumable/src/main/java/com/techsen/consumable/struts/action/LoginAction.java:[89,69] unmappable character (0x90) for encoding windows-1252
2023-11-08 09:25:37,314 [Worker-8: Building] ERROR o.e.m.c.i.embedder.EclipseLogger - /F:/KANE_MOONPO_VINA/KANE_DEVELOPMENT/vConsumable/src/main/java/com/techsen/consumable/struts/action/LoginAction.java:[89,70] unmappable character (0x8D) for encoding windows-1252
2023-11-08 09:25:37,314 [Worker-8: Building] ERROR o.e.m.c.i.embedder.EclipseLogger - /F:/KANE_MOONPO_VINA/KANE_DEVELOPMENT/vConsumable/src/main/java/com/techsen/consumable/struts/action/LoginAction.java:[89,75] unmappable character (0x8F) for encoding windows-1252
2023-11-08 09:25:37,314 [Worker-8: Building] ERROR o.e.m.c.i.embedder.EclipseLogger - /F:/KANE_MOONPO_VINA/KANE_DEVELOPMENT/vConsumable/src/main/java/com/techsen/consumable/struts/action/LoginAction.java:[89,87] unmappable character (0x9D) for encoding windows-1252
2023-11-08 09:25:37,314 [Worker-8: Building] ERROR o.e.m.c.i.embedder.EclipseLogger - /F:/KANE_MOONPO_VINA/KANE_DEVELOPMENT/vConsumable/src/main/java/com/techsen/consumable/struts/action/LoginAction.java:[89,91] unmappable character (0x90) for encoding windows-1252
2023-11-08 09:25:37,315 [Worker-8: Building] ERROR o.e.m.c.i.embedder.EclipseLogger - /F:/KANE_MOONPO_VINA/KANE_DEVELOPMENT/vConsumable/src/main/java/com/techsen/consumable/service/ApplyMaterialServiceI.java:[10,34] unmappable character (0x8D) for encoding windows-1252
2023-11-08 09:25:37,315 [Worker-8: Building] ERROR o.e.m.c.i.embedder.EclipseLogger - /F:/KANE_MOONPO_VINA/KANE_DEVELOPMENT/vConsumable/src/main/java/com/techsen/consumable/dao/DeptCostBillDao.java:[13,34] unmappable character (0x8D) for encoding windows-1252
2023-11-08 09:25:37,315 [Worker-8: Building] ERROR o.e.m.c.i.embedder.EclipseLogger - /F:/KANE_MOONPO_VINA/KANE_DEVELOPMENT/vConsumable/src/main/java/com/techsen/consumable/sql/utils/ConnItemQuery.java:[6,35] unmappable character (0x8D) for encoding windows-1252
2023-11-08 09:25:37,315 [Worker-8: Building] ERROR o.e.m.c.i.embedder.EclipseLogger - /F:/KANE_MOONPO_VINA/KANE_DEVELOPMENT/vConsumable/src/main/java/com/techsen/consumable/sql/utils/ConnItemQuery.java:[85,22] unmappable character (0x9D) for encoding windows-1252
2023-11-08 09:25:37,315 [Worker-8: Building] ERROR o.e.m.c.i.embedder.EclipseLogger - /F:/KANE_MOONPO_VINA/KANE_DEVELOPMENT/vConsumable/src/main/java/com/techsen/consumable/sql/utils/ConnItemQuery.java:[85,36] unmappable character (0x8F) for encoding windows-1252
2023-11-08 09:25:37,315 [Worker-8: Building] ERROR o.e.m.c.i.embedder.EclipseLogger - /F:/KANE_MOONPO_VINA/KANE_DEVELOPMENT/vConsumable/src/main/java/com/techsen/consumable/dao/PrintMaterialDao.java:[13,33] unmappable character (0x8D) for encoding windows-1252
2023-11-08 09:25:37,316 [Worker-8: Building] ERROR o.e.m.c.i.embedder.EclipseLogger - /F:/KANE_MOONPO_VINA/KANE_DEVELOPMENT/vConsumable/src/main/java/com/techsen/consumable/service/DeptCostBillServiceI.java:[10,33] unmappable character (0x8D) for encoding windows-1252
2023-11-08 09:25:37,316 [Worker-8: Building] ERROR o.e.m.c.i.embedder.EclipseLogger - /F:/KANE_MOONPO_VINA/KANE_DEVELOPMENT/vConsumable/src/main/java/com/techsen/consumable/util/WriteFile.java:[15,33] unmappable character (0x8D) for encoding windows-1252
2023-11-08 09:25:37,316 [Worker-8: Building] ERROR o.e.m.c.i.embedder.EclipseLogger - /F:/KANE_MOONPO_VINA/KANE_DEVELOPMENT/vConsumable/src/main/java/com/techsen/consumable/action/PrintMaterialAction.java:[19,33] unmappable character (0x8D) for encoding windows-1252
2023-11-08 09:25:37,316 [Worker-8: Building] ERROR o.e.m.c.i.embedder.EclipseLogger - /F:/KANE_MOONPO_VINA/KANE_DEVELOPMENT/vConsumable/src/main/java/com/techsen/consumable/action/ApplyMaterialAction.java:[21,33] unmappable character (0x8D) for encoding windows-1252
2023-11-08 09:25:37,316 [Worker-8: Building] ERROR o.e.m.c.i.embedder.EclipseLogger - /F:/KANE_MOONPO_VINA/KANE_DEVELOPMENT/vConsumable/src/main/java/com/techsen/consumable/service/ApplyStationeryServiceI.java:[10,33] unmappable character (0x8D) for encoding windows-1252
2023-11-08 09:25:37,316 [Worker-8: Building] ERROR o.e.m.c.i.embedder.EclipseLogger - /F:/KANE_MOONPO_VINA/KANE_DEVELOPMENT/vConsumable/src/main/java/com/techsen/consumable/sql/utils/QueryItem.java:[5,35] unmappable character (0x8D) for encoding windows-1252
2023-11-08 09:25:37,317 [Worker-8: Building] ERROR o.e.m.c.i.embedder.EclipseLogger - /F:/KANE_MOONPO_VINA/KANE_DEVELOPMENT/vConsumable/src/main/java/com/techsen/consumable/sql/utils/QueryItem.java:[9,18] unmappable character (0x9D) for encoding windows-1252
2023-11-08 09:25:37,317 [Worker-8: Building] ERROR o.e.m.c.i.embedder.EclipseLogger - /F:/KANE_MOONPO_VINA/KANE_DEVELOPMENT/vConsumable/src/main/java/com/techsen/consumable/sql/utils/QueryItem.java:[13,24] unmappable character (0x9D) for encoding windows-1252
2023-11-08 09:25:37,317 [Worker-8: Building] ERROR o.e.m.c.i.embedder.EclipseLogger - /F:/KANE_MOONPO_VINA/KANE_DEVELOPMENT/vConsumable/src/main/java/com/techsen/consumable/sql/utils/QueryItem.java:[19,16] unmappable character (0x8F) for encoding windows-1252
2023-11-08 09:25:37,317 [Worker-8: Building] ERROR o.e.m.c.i.embedder.EclipseLogger - /F:/KANE_MOONPO_VINA/KANE_DEVELOPMENT/vConsumable/src/main/java/com/techsen/consumable/sql/utils/QueryItem.java:[21,16] unmappable character (0x8F) for encoding windows-1252
2023-11-08 09:25:37,317 [Worker-8: Building] ERROR o.e.m.c.i.embedder.EclipseLogger - /F:/KANE_MOONPO_VINA/KANE_DEVELOPMENT/vConsumable/src/main/java/com/techsen/consumable/sql/utils/QueryItem.java:[21,31] unmappable character (0x8F) for encoding windows-1252
2023-11-08 09:25:37,317 [Worker-8: Building] ERROR o.e.m.c.i.embedder.EclipseLogger - /F:/KANE_MOONPO_VINA/KANE_DEVELOPMENT/vConsumable/src/main/java/com/techsen/consumable/sql/utils/QueryItem.java:[21,37] unmappable character (0x8F) for encoding windows-1252
2023-11-08 09:25:37,318 [Worker-8: Building] ERROR o.e.m.c.i.embedder.EclipseLogger - /F:/KANE_MOONPO_VINA/KANE_DEVELOPMENT/vConsumable/src/main/java/com/techsen/consumable/sql/utils/QueryItem.java:[27,13] unmappable character (0x90) for encoding windows-1252
2023-11-08 09:25:37,318 [Worker-8: Building] ERROR o.e.m.c.i.embedder.EclipseLogger - /F:/KANE_MOONPO_VINA/KANE_DEVELOPMENT/vConsumable/src/main/java/com/techsen/consumable/sql/utils/QueryItem.java:[27,16] unmappable character (0x8F) for encoding windows-1252
2023-11-08 09:25:37,318 [Worker-8: Building] ERROR o.e.m.c.i.embedder.EclipseLogger - /F:/KANE_MOONPO_VINA/KANE_DEVELOPMENT/vConsumable/src/main/java/com/techsen/consumable/sql/utils/QueryItem.java:[27,18] unmappable character (0x8F) for encoding windows-1252
2023-11-08 09:25:37,318 [Worker-8: Building] ERROR o.e.m.c.i.embedder.EclipseLogger - /F:/KANE_MOONPO_VINA/KANE_DEVELOPMENT/vConsumable/src/main/java/com/techsen/consumable/dao/DeptDetailsDao.java:[13,34] unmappable character (0x8D) for encoding windows-1252
2023-11-08 09:25:37,318 [Worker-8: Building] ERROR o.e.m.c.i.embedder.EclipseLogger - /F:/KANE_MOONPO_VINA/KANE_DEVELOPMENT/vConsumable/src/main/java/com/techsen/consumable/struts/action/TreeAction.java:[96,68] unmappable character (0x81) for encoding windows-1252
2023-11-08 09:25:37,318 [Worker-8: Building] ERROR o.e.m.c.i.embedder.EclipseLogger - /F:/KANE_MOONPO_VINA/KANE_DEVELOPMENT/vConsumable/src/main/java/com/techsen/consumable/struts/action/TreeAction.java:[108,71] unmappable character (0x90) for encoding windows-1252
2023-11-08 09:25:37,319 [Worker-8: Building] ERROR o.e.m.c.i.embedder.EclipseLogger - /F:/KANE_MOONPO_VINA/KANE_DEVELOPMENT/vConsumable/src/main/java/com/techsen/consumable/struts/action/TreeAction.java:[109,62] unmappable character (0x9D) for encoding windows-1252
2023-11-08 09:25:37,319 [Worker-8: Building] ERROR o.e.m.c.i.embedder.EclipseLogger - /F:/KANE_MOONPO_VINA/KANE_DEVELOPMENT/vConsumable/src/main/java/com/techsen/consumable/struts/action/TreeAction.java:[109,66] unmappable character (0x90) for encoding windows-1252
2023-11-08 09:25:37,319 [Worker-8: Building] ERROR o.e.m.c.i.embedder.EclipseLogger - /F:/KANE_MOONPO_VINA/KANE_DEVELOPMENT/vConsumable/src/main/java/com/techsen/consumable/action/DeptCostBillAction.java:[20,33] unmappable character (0x8D) for encoding windows-1252
2023-11-08 09:25:37,319 [Worker-8: Building] ERROR o.e.m.c.i.embedder.EclipseLogger - /F:/KANE_MOONPO_VINA/KANE_DEVELOPMENT/vConsumable/src/main/java/com/techsen/consumable/util/FormatUtils.java:[10,34] unmappable character (0x8D) for encoding windows-1252
2023-11-08 09:25:37,319 [Worker-8: Building] ERROR o.e.m.c.i.embedder.EclipseLogger - /F:/KANE_MOONPO_VINA/KANE_DEVELOPMENT/vConsumable/src/main/java/com/techsen/consumable/service/PrintMaterialServiceImpl.java:[19,33] unmappable character (0x8D) for encoding windows-1252
2023-11-08 09:25:37,320 [Worker-8: Building] ERROR o.e.m.c.i.embedder.EclipseLogger - /F:/KANE_MOONPO_VINA/KANE_DEVELOPMENT/vConsumable/src/main/java/com/techsen/consumable/struts/action/VendAction.java:[72,51] unmappable character (0x90) for encoding windows-1252
2023-11-08 09:25:37,320 [Worker-8: Building] ERROR o.e.m.c.i.embedder.EclipseLogger - /F:/KANE_MOONPO_VINA/KANE_DEVELOPMENT/vConsumable/src/main/java/com/techsen/consumable/struts/action/VendAction.java:[91,58] unmappable character (0x90) for encoding windows-1252
2023-11-08 09:25:37,320 [Worker-8: Building] ERROR o.e.m.c.i.embedder.EclipseLogger - /F:/KANE_MOONPO_VINA/KANE_DEVELOPMENT/vConsumable/src/main/java/com/techsen/consumable/struts/action/VendAction.java:[119,51] unmappable character (0x90) for encoding windows-1252
2023-11-08 09:25:37,320 [Worker-8: Building] ERROR o.e.m.c.i.embedder.EclipseLogger - /F:/KANE_MOONPO_VINA/KANE_DEVELOPMENT/vConsumable/src/main/java/com/techsen/consumable/struts/action/VendAction.java:[125,58] unmappable character (0x90) for encoding windows-1252
2023-11-08 09:25:37,321 [Worker-8: Building] ERROR o.e.m.c.i.embedder.EclipseLogger - /F:/KANE_MOONPO_VINA/KANE_DEVELOPMENT/vConsumable/src/main/java/com/techsen/consumable/util/IsLoginAction.java:[20,21] unmappable character (0x8F) for encoding windows-1252
2023-11-08 09:25:37,321 [Worker-8: Building] ERROR o.e.m.c.i.embedder.EclipseLogger - /F:/KANE_MOONPO_VINA/KANE_DEVELOPMENT/vConsumable/src/main/java/com/techsen/consumable/util/IsLoginAction.java:[20,42] unmappable character (0x90) for encoding windows-1252
2023-11-08 09:25:37,321 [Worker-8: Building] ERROR o.e.m.c.i.embedder.EclipseLogger - /F:/KANE_MOONPO_VINA/KANE_DEVELOPMENT/vConsumable/src/main/java/com/techsen/consumable/util/IsLoginAction.java:[20,43] unmappable character (0x8D) for encoding windows-1252
2023-11-08 09:25:37,321 [Worker-8: Building] ERROR o.e.m.c.i.embedder.EclipseLogger - /F:/KANE_MOONPO_VINA/KANE_DEVELOPMENT/vConsumable/src/main/java/com/techsen/consumable/util/IsLoginAction.java:[26,18] unmappable character (0x8F) for encoding windows-1252
2023-11-08 09:25:37,322 [Worker-8: Building] ERROR o.e.m.c.i.embedder.EclipseLogger - /F:/KANE_MOONPO_VINA/KANE_DEVELOPMENT/vConsumable/src/main/java/com/techsen/consumable/util/IsLoginAction.java:[51,36] unmappable character (0x8F) for encoding windows-1252
2023-11-08 09:25:37,322 [Worker-8: Building] ERROR o.e.m.c.i.embedder.EclipseLogger - /F:/KANE_MOONPO_VINA/KANE_DEVELOPMENT/vConsumable/src/main/java/com/techsen/consumable/dao/DetailsDao.java:[13,33] unmappable character (0x8D) for encoding windows-1252
2023-11-08 09:25:37,322 [Worker-8: Building] ERROR o.e.m.c.i.embedder.EclipseLogger - /F:/KANE_MOONPO_VINA/KANE_DEVELOPMENT/vConsumable/src/main/java/com/techsen/consumable/util/SQLFormat.java:[4,22] unmappable character (0x8D) for encoding windows-1252
2023-11-08 09:25:37,323 [Worker-8: Building] ERROR o.e.m.c.i.embedder.EclipseLogger - /F:/KANE_MOONPO_VINA/KANE_DEVELOPMENT/vConsumable/src/main/java/com/techsen/consumable/util/SQLFormat.java:[13,16] unmappable character (0x8F) for encoding windows-1252
2023-11-08 09:25:37,323 [Worker-8: Building] ERROR o.e.m.c.i.embedder.EclipseLogger - /F:/KANE_MOONPO_VINA/KANE_DEVELOPMENT/vConsumable/src/main/java/com/techsen/consumable/util/SQLFormat.java:[23,30] unmappable character (0x8F) for encoding windows-1252
2023-11-08 09:25:37,323 [Worker-8: Building] ERROR o.e.m.c.i.embedder.EclipseLogger - /F:/KANE_MOONPO_VINA/KANE_DEVELOPMENT/vConsumable/src/main/java/com/techsen/consumable/util/SQLFormat.java:[31,16] unmappable character (0x8F) for encoding windows-1252
2023-11-08 09:25:37,323 [Worker-8: Building] ERROR o.e.m.c.i.embedder.EclipseLogger - /F:/KANE_MOONPO_VINA/KANE_DEVELOPMENT/vConsumable/src/main/java/com/techsen/consumable/service/DetailsServiceImpl.java:[12,33] unmappable character (0x8D) for encoding windows-1252
2023-11-08 09:25:37,324 [Worker-8: Building] ERROR o.e.m.c.i.embedder.EclipseLogger - /F:/KANE_MOONPO_VINA/KANE_DEVELOPMENT/vConsumable/src/main/java/com/techsen/consumable/struts/action/DeptAction.java:[71,51] unmappable character (0x90) for encoding windows-1252
2023-11-08 09:25:37,324 [Worker-8: Building] ERROR o.e.m.c.i.embedder.EclipseLogger - /F:/KANE_MOONPO_VINA/KANE_DEVELOPMENT/vConsumable/src/main/java/com/techsen/consumable/struts/action/DeptAction.java:[90,58] unmappable character (0x90) for encoding windows-1252
2023-11-08 09:25:37,324 [Worker-8: Building] ERROR o.e.m.c.i.embedder.EclipseLogger - /F:/KANE_MOONPO_VINA/KANE_DEVELOPMENT/vConsumable/src/main/java/com/techsen/consumable/struts/action/DeptAction.java:[118,51] unmappable character (0x90) for encoding windows-1252
2023-11-08 09:25:37,324 [Worker-8: Building] ERROR o.e.m.c.i.embedder.EclipseLogger - /F:/KANE_MOONPO_VINA/KANE_DEVELOPMENT/vConsumable/src/main/java/com/techsen/consumable/struts/action/DeptAction.java:[124,58] unmappable character (0x90) for encoding windows-1252
2023-11-08 09:25:37,325 [Worker-8: Building] ERROR o.e.m.c.i.embedder.EclipseLogger - /F:/KANE_MOONPO_VINA/KANE_DEVELOPMENT/vConsumable/src/main/java/com/techsen/consumable/struts/action/SecAction.java:[45,39] unmappable character (0x8F) for encoding windows-1252
2023-11-08 09:25:37,325 [Worker-8: Building] ERROR o.e.m.c.i.embedder.EclipseLogger - /F:/KANE_MOONPO_VINA/KANE_DEVELOPMENT/vConsumable/src/main/java/com/techsen/consumable/service/ApplyStationeryServiceImpl.java:[15,34] unmappable character (0x8D) for encoding windows-1252
2023-11-08 09:25:37,325 [Worker-8: Building] ERROR o.e.m.c.i.embedder.EclipseLogger - /F:/KANE_MOONPO_VINA/KANE_DEVELOPMENT/vConsumable/src/main/java/com/techsen/consumable/struts/action/CatAction.java:[70,51] unmappable character (0x90) for encoding windows-1252
2023-11-08 09:25:37,325 [Worker-8: Building] ERROR o.e.m.c.i.embedder.EclipseLogger - /F:/KANE_MOONPO_VINA/KANE_DEVELOPMENT/vConsumable/src/main/java/com/techsen/consumable/struts/action/CatAction.java:[89,58] unmappable character (0x90) for encoding windows-1252
2023-11-08 09:25:37,325 [Worker-8: Building] ERROR o.e.m.c.i.embedder.EclipseLogger - /F:/KANE_MOONPO_VINA/KANE_DEVELOPMENT/vConsumable/src/main/java/com/techsen/consumable/struts/action/CatAction.java:[117,51] unmappable character (0x90) for encoding windows-1252
2023-11-08 09:25:37,325 [Worker-8: Building] ERROR o.e.m.c.i.embedder.EclipseLogger - /F:/KANE_MOONPO_VINA/KANE_DEVELOPMENT/vConsumable/src/main/java/com/techsen/consumable/struts/action/CatAction.java:[123,58] unmappable character (0x90) for encoding windows-1252
2023-11-08 09:25:37,326 [Worker-8: Building] ERROR o.e.m.c.i.embedder.EclipseLogger - /F:/KANE_MOONPO_VINA/KANE_DEVELOPMENT/vConsumable/src/main/java/com/techsen/consumable/dao/BaseDao.java:[14,33] unmappable character (0x8D) for encoding windows-1252
2023-11-08 09:25:37,326 [Worker-8: Building] ERROR o.e.m.c.i.embedder.EclipseLogger - /F:/KANE_MOONPO_VINA/KANE_DEVELOPMENT/vConsumable/src/main/java/com/techsen/consumable/action/ApplyStationeryAction.java:[20,33] unmappable character (0x8D) for encoding windows-1252
2023-11-08 09:25:37,326 [Worker-8: Building] ERROR o.e.m.c.i.embedder.EclipseLogger - /F:/KANE_MOONPO_VINA/KANE_DEVELOPMENT/vConsumable/src/main/java/com/techsen/consumable/service/DeptCostBillServiceImpl.java:[15,33] unmappable character (0x8D) for encoding windows-1252
2023-11-08 09:25:37,326 [Worker-8: Building] ERROR o.e.m.c.i.embedder.EclipseLogger - /F:/KANE_MOONPO_VINA/KANE_DEVELOPMENT/vConsumable/src/main/java/com/techsen/consumable/action/BaseAction.java:[119,41] unmappable character (0x90) for encoding windows-1252
2023-11-08 09:25:37,327 [Worker-8: Building] ERROR o.e.m.c.i.embedder.EclipseLogger - /F:/KANE_MOONPO_VINA/KANE_DEVELOPMENT/vConsumable/src/main/java/com/techsen/consumable/service/ApplyMaterialServiceImpl.java:[15,34] unmappable character (0x8D) for encoding windows-1252
2023-11-08 09:25:37,327 [Worker-8: Building] ERROR o.e.m.c.i.embedder.EclipseLogger - /F:/KANE_MOONPO_VINA/KANE_DEVELOPMENT/vConsumable/src/main/java/com/techsen/consumable/action/SysAction.java:[10,34] unmappable character (0x8D) for encoding windows-1252
2023-11-08 09:25:37,327 [Worker-8: Building] ERROR o.e.m.c.i.embedder.EclipseLogger - /F:/KANE_MOONPO_VINA/KANE_DEVELOPMENT/vConsumable/src/main/java/com/techsen/consumable/service/PrintMaterialServiceI.java:[10,33] unmappable character (0x8D) for encoding windows-1252
2023-11-08 09:25:37,327 [Worker-8: Building] ERROR o.e.m.c.i.embedder.EclipseLogger - /F:/KANE_MOONPO_VINA/KANE_DEVELOPMENT/vConsumable/src/main/java/com/techsen/consumable/util/StringUtils.java:[8,34] unmappable character (0x8D) for encoding windows-1252
2023-11-08 09:25:37,327 [Worker-8: Building] ERROR o.e.m.c.i.embedder.EclipseLogger - /F:/KANE_MOONPO_VINA/KANE_DEVELOPMENT/vConsumable/src/main/java/com/techsen/consumable/util/StringUtils.java:[43,38] unmappable character (0x8F) for encoding windows-1252
2023-11-08 09:25:37,327 [Worker-8: Building] ERROR o.e.m.c.i.embedder.EclipseLogger - /F:/KANE_MOONPO_VINA/KANE_DEVELOPMENT/vConsumable/src/main/java/com/techsen/consumable/util/StringUtils.java:[43,41] unmappable character (0x8F) for encoding windows-1252
2023-11-08 09:25:37,328 [Worker-8: Building] ERROR o.e.m.c.i.embedder.EclipseLogger - /F:/KANE_MOONPO_VINA/KANE_DEVELOPMENT/vConsumable/src/main/java/com/techsen/consumable/util/StringUtils.java:[43,45] unmappable character (0x9D) for encoding windows-1252
2023-11-08 09:25:37,328 [Worker-8: Building] ERROR o.e.m.c.i.embedder.EclipseLogger - /F:/KANE_MOONPO_VINA/KANE_DEVELOPMENT/vConsumable/src/main/java/com/techsen/consumable/service/DeptDetailsServiceImpl.java:[15,34] unmappable character (0x8D) for encoding windows-1252
2023-11-08 09:25:37,328 [Worker-8: Building] ERROR o.e.m.c.i.embedder.EclipseLogger - /F:/KANE_MOONPO_VINA/KANE_DEVELOPMENT/vConsumable/src/main/java/com/techsen/consumable/dao/ApplyMaterialDao.java:[14,34] unmappable character (0x8D) for encoding windows-1252
2023-11-08 09:25:37,328 [Worker-8: Building] ERROR o.e.m.c.i.embedder.EclipseLogger - /F:/KANE_MOONPO_VINA/KANE_DEVELOPMENT/vConsumable/src/main/java/com/techsen/consumable/action/DeptDetailsAction.java:[20,33] unmappable character (0x8D) for encoding windows-1252
2023-11-08 09:25:37,329 [Worker-8: Building] ERROR o.e.m.c.i.embedder.EclipseLogger - /F:/KANE_MOONPO_VINA/KANE_DEVELOPMENT/vConsumable/src/main/java/com/techsen/consumable/service/BaseServiceI.java:[5,34] unmappable character (0x8D) for encoding windows-1252
2023-11-08 09:25:37,329 [Worker-8: Building] ERROR o.e.m.c.i.embedder.EclipseLogger - /F:/KANE_MOONPO_VINA/KANE_DEVELOPMENT/vConsumable/src/main/java/com/techsen/consumable/util/DBConnection.java:[33,25] unmappable character (0x81) for encoding windows-1252
2023-11-08 09:25:37,329 [Worker-8: Building] ERROR o.e.m.c.i.embedder.EclipseLogger - /F:/KANE_MOONPO_VINA/KANE_DEVELOPMENT/vConsumable/src/main/java/com/techsen/consumable/util/DBConnection.java:[61,22] unmappable character (0x8D) for encoding windows-1252
2023-11-08 09:25:37,329 [Worker-8: Building] ERROR o.e.m.c.i.embedder.EclipseLogger - /F:/KANE_MOONPO_VINA/KANE_DEVELOPMENT/vConsumable/src/main/java/com/techsen/consumable/util/DBConnection.java:[63,41] unmappable character (0x8D) for encoding windows-1252
2023-11-08 09:25:37,330 [Worker-8: Building] ERROR o.e.m.c.i.embedder.EclipseLogger - /F:/KANE_MOONPO_VINA/KANE_DEVELOPMENT/vConsumable/src/main/java/com/techsen/consumable/util/DBConnection.java:[74,21] unmappable character (0x8D) for encoding windows-1252
2023-11-08 09:25:37,330 [Worker-8: Building] ERROR o.e.m.c.i.embedder.EclipseLogger - /F:/KANE_MOONPO_VINA/KANE_DEVELOPMENT/vConsumable/src/main/java/com/techsen/consumable/util/DBConnection.java:[74,36] unmappable character (0x8D) for encoding windows-1252
2023-11-08 09:25:37,330 [Worker-8: Building] ERROR o.e.m.c.i.embedder.EclipseLogger - /F:/KANE_MOONPO_VINA/KANE_DEVELOPMENT/vConsumable/src/main/java/com/techsen/consumable/util/DBConnection.java:[82,18] unmappable character (0x8F) for encoding windows-1252
2023-11-08 09:25:37,330 [Worker-8: Building] ERROR o.e.m.c.i.embedder.EclipseLogger - /F:/KANE_MOONPO_VINA/KANE_DEVELOPMENT/vConsumable/src/main/java/com/techsen/consumable/util/DBConnection.java:[82,27] unmappable character (0x8D) for encoding windows-1252
2023-11-08 09:25:37,331 [Worker-8: Building] ERROR o.e.m.c.i.embedder.EclipseLogger - /F:/KANE_MOONPO_VINA/KANE_DEVELOPMENT/vConsumable/src/main/java/com/techsen/consumable/util/DBConnection.java:[84,38] unmappable character (0x8F) for encoding windows-1252
2023-11-08 09:25:37,331 [Worker-8: Building] ERROR o.e.m.c.i.embedder.EclipseLogger - /F:/KANE_MOONPO_VINA/KANE_DEVELOPMENT/vConsumable/src/main/java/com/techsen/consumable/util/DBConnection.java:[84,47] unmappable character (0x8D) for encoding windows-1252
2023-11-08 09:25:37,331 [Worker-8: Building] ERROR o.e.m.c.i.embedder.EclipseLogger - /F:/KANE_MOONPO_VINA/KANE_DEVELOPMENT/vConsumable/src/main/java/com/techsen/consumable/util/DBConnection.java:[95,18] unmappable character (0x8F) for encoding windows-1252
2023-11-08 09:25:37,332 [Worker-8: Building] ERROR o.e.m.c.i.embedder.EclipseLogger - /F:/KANE_MOONPO_VINA/KANE_DEVELOPMENT/vConsumable/src/main/java/com/techsen/consumable/util/DBConnection.java:[95,27] unmappable character (0x8D) for encoding windows-1252
2023-11-08 09:25:37,332 [Worker-8: Building] ERROR o.e.m.c.i.embedder.EclipseLogger - /F:/KANE_MOONPO_VINA/KANE_DEVELOPMENT/vConsumable/src/main/java/com/techsen/consumable/util/DBConnection.java:[97,38] unmappable character (0x8F) for encoding windows-1252
2023-11-08 09:25:37,332 [Worker-8: Building] ERROR o.e.m.c.i.embedder.EclipseLogger - /F:/KANE_MOONPO_VINA/KANE_DEVELOPMENT/vConsumable/src/main/java/com/techsen/consumable/util/DBConnection.java:[97,47] unmappable character (0x8D) for encoding windows-1252
2023-11-08 09:25:37,332 [Worker-8: Building] ERROR o.e.m.c.i.embedder.EclipseLogger - /F:/KANE_MOONPO_VINA/KANE_DEVELOPMENT/vConsumable/src/main/java/com/techsen/consumable/util/DBConnection.java:[278,21] unmappable character (0x8D) for encoding windows-1252
2023-11-08 09:25:37,333 [Worker-8: Building] ERROR o.e.m.c.i.embedder.EclipseLogger - /F:/KANE_MOONPO_VINA/KANE_DEVELOPMENT/vConsumable/src/main/java/com/techsen/consumable/util/DBConnection.java:[278,46] unmappable character (0x90) for encoding windows-1252
2023-11-08 09:25:37,333 [Worker-8: Building] ERROR o.e.m.c.i.embedder.EclipseLogger - /F:/KANE_MOONPO_VINA/KANE_DEVELOPMENT/vConsumable/src/main/java/com/techsen/consumable/util/DBConnection.java:[280,41] unmappable character (0x8D) for encoding windows-1252
2023-11-08 09:25:37,333 [Worker-8: Building] ERROR o.e.m.c.i.embedder.EclipseLogger - /F:/KANE_MOONPO_VINA/KANE_DEVELOPMENT/vConsumable/src/main/java/com/techsen/consumable/util/VecUtils.java:[71,15] unmappable character (0x8F) for encoding windows-1252
2023-11-08 09:25:37,338 [Worker-8: Building] WARN  o.a.m.s.f.DefaultMavenResourcesFiltering - Using platform encoding (Cp1252 actually) to copy filtered resources, i.e. build is platform dependent!
2023-11-08 09:25:37,339 [Worker-8: Building] INFO  o.a.m.s.f.DefaultMavenResourcesFiltering - skip non existing resourceDirectory F:\KANE_MOONPO_VINA\KANE_DEVELOPMENT\vConsumable\src\test\resources
2023-11-08 09:25:38,727 [Worker-8: Updating Maven Dependencies] INFO  o.e.m.c.i.l.LifecycleMappingFactory - Using org.maven.ide.eclipse.wtp.WarLifecycleMapping lifecycle mapping for MavenProject: com.techsen:vConsumable:0.0.1-SNAPSHOT @ F:\KANE_MOONPO_VINA\KANE_DEVELOPMENT\vConsumable\pom.xml.
2023-11-08 09:25:39,485 [Worker-33: Updating Maven Project] INFO  o.e.m.c.i.p.ProjectConfigurationManager - Update started
2023-11-08 09:25:39,756 [Worker-33: Updating Maven Project] INFO  o.e.m.c.i.l.LifecycleMappingFactory - Using org.maven.ide.eclipse.wtp.WarLifecycleMapping lifecycle mapping for MavenProject: com.techsen:vConsumable:0.0.1-SNAPSHOT @ F:\KANE_MOONPO_VINA\KANE_DEVELOPMENT\vConsumable\pom.xml.
2023-11-08 09:25:40,193 [Worker-33: Updating Maven Project] INFO  o.e.m.j.i.AbstractJavaProjectConfigurator - Adding source folder /vConsumable/src/main/java
2023-11-08 09:25:40,193 [Worker-33: Updating Maven Project] INFO  o.e.m.j.i.AbstractJavaProjectConfigurator - Adding resource folder /vConsumable/src/main/resources
2023-11-08 09:25:40,194 [Worker-33: Updating Maven Project] INFO  o.e.m.j.i.AbstractJavaProjectConfigurator - Adding source folder /vConsumable/src/test/java
2023-11-08 09:25:40,194 [Worker-33: Updating Maven Project] INFO  o.e.m.j.i.AbstractJavaProjectConfigurator - Adding resource folder /vConsumable/src/test/resources
2023-11-08 09:25:40,510 [Worker-33: Updating Maven Project] INFO  o.e.m.w.i.f.ResourceFilteringBuildParticipant - Cleaning filtered folder for vConsumable
2023-11-08 09:25:40,545 [Worker-33: Updating Maven Project] INFO  o.e.m.c.i.p.ProjectConfigurationManager - Update completed for 1 poms: local refresh takes 0.00 sec, refresh facades takes 0.00 sec, update config takes 0.00 sec 
2023-11-08 09:25:40,847 [Worker-38: Building] WARN  o.a.m.s.f.DefaultMavenResourcesFiltering - Using platform encoding (Cp1252 actually) to copy filtered resources, i.e. build is platform dependent!
2023-11-08 09:25:40,848 [Worker-38: Building] INFO  o.a.m.s.f.DefaultMavenResourcesFiltering - Copying 5 resources from src\main\resources to target\classes
2023-11-08 09:25:40,857 [Worker-38: Building] WARN  o.a.m.s.f.DefaultMavenResourcesFiltering - Using platform encoding (Cp1252 actually) to copy filtered resources, i.e. build is platform dependent!
2023-11-08 09:25:40,857 [Worker-38: Building] INFO  o.a.m.s.f.DefaultMavenResourcesFiltering - skip non existing resourceDirectory F:\KANE_MOONPO_VINA\KANE_DEVELOPMENT\vConsumable\src\test\resources
2023-11-08 09:25:40,858 [Worker-38: Building] INFO  o.e.m.w.i.f.ResourceFilteringBuildParticipant - Changed resources require a complete clean of filtered resources of vConsumable
2023-11-08 09:25:40,858 [Worker-38: Building] INFO  o.e.m.w.i.f.ResourceFilteringBuildParticipant - Executing resource filtering for vConsumable
2023-11-09 07:47:48,230 [Worker-2: Loading available Gradle versions] INFO  o.e.b.c.i.u.g.PublishedGradleVersions - Gradle version information cache is out-of-date. Trying to update.
2023-11-09 07:57:34,628 [Worker-30: Building] WARN  o.a.m.s.f.DefaultMavenResourcesFiltering - Using platform encoding (Cp1252 actually) to copy filtered resources, i.e. build is platform dependent!
2023-11-09 07:57:34,643 [Worker-30: Building] INFO  o.a.m.s.f.DefaultMavenResourcesFiltering - Copying 5 resources from src\main\resources to target\classes
2023-11-09 07:57:34,648 [Worker-30: Building] WARN  o.a.m.s.f.DefaultMavenResourcesFiltering - Using platform encoding (Cp1252 actually) to copy filtered resources, i.e. build is platform dependent!
2023-11-09 07:57:34,648 [Worker-30: Building] INFO  o.a.m.s.f.DefaultMavenResourcesFiltering - skip non existing resourceDirectory F:\KANE_MOONPO_VINA\KANE_DEVELOPMENT\vConsumable\src\test\resources
2023-11-09 07:59:49,218 [Worker-30: Building] WARN  o.a.m.s.f.DefaultMavenResourcesFiltering - Using platform encoding (Cp1252 actually) to copy filtered resources, i.e. build is platform dependent!
2023-11-09 07:59:49,220 [Worker-30: Building] INFO  o.a.m.s.f.DefaultMavenResourcesFiltering - Copying 5 resources from src\main\resources to target\classes
2023-11-09 07:59:49,222 [Worker-30: Building] WARN  o.a.m.s.f.DefaultMavenResourcesFiltering - Using platform encoding (Cp1252 actually) to copy filtered resources, i.e. build is platform dependent!
2023-11-09 07:59:49,223 [Worker-30: Building] INFO  o.a.m.s.f.DefaultMavenResourcesFiltering - skip non existing resourceDirectory F:\KANE_MOONPO_VINA\KANE_DEVELOPMENT\vConsumable\src\test\resources
2023-11-09 07:59:58,418 [Worker-16: Building] WARN  o.a.m.s.f.DefaultMavenResourcesFiltering - Using platform encoding (Cp1252 actually) to copy filtered resources, i.e. build is platform dependent!
2023-11-09 07:59:58,418 [Worker-16: Building] INFO  o.a.m.s.f.DefaultMavenResourcesFiltering - Copying 5 resources from src\main\resources to target\classes
2023-11-09 07:59:58,420 [Worker-16: Building] WARN  o.a.m.s.f.DefaultMavenResourcesFiltering - Using platform encoding (Cp1252 actually) to copy filtered resources, i.e. build is platform dependent!
2023-11-09 07:59:58,421 [Worker-16: Building] INFO  o.a.m.s.f.DefaultMavenResourcesFiltering - skip non existing resourceDirectory F:\KANE_MOONPO_VINA\KANE_DEVELOPMENT\vConsumable\src\test\resources
2023-11-09 08:01:13,373 [Worker-35: Building] WARN  o.a.m.s.f.DefaultMavenResourcesFiltering - Using platform encoding (Cp1252 actually) to copy filtered resources, i.e. build is platform dependent!
2023-11-09 08:01:13,374 [Worker-35: Building] INFO  o.a.m.s.f.DefaultMavenResourcesFiltering - Copying 5 resources from src\main\resources to target\classes
2023-11-09 08:01:13,377 [Worker-35: Building] WARN  o.a.m.s.f.DefaultMavenResourcesFiltering - Using platform encoding (Cp1252 actually) to copy filtered resources, i.e. build is platform dependent!
2023-11-09 08:01:13,377 [Worker-35: Building] INFO  o.a.m.s.f.DefaultMavenResourcesFiltering - skip non existing resourceDirectory F:\KANE_MOONPO_VINA\KANE_DEVELOPMENT\vConsumable\src\test\resources
2023-11-09 08:01:15,960 [Worker-16: Building] WARN  o.a.m.s.f.DefaultMavenResourcesFiltering - Using platform encoding (Cp1252 actually) to copy filtered resources, i.e. build is platform dependent!
2023-11-09 08:01:15,960 [Worker-16: Building] INFO  o.a.m.s.f.DefaultMavenResourcesFiltering - Copying 5 resources from src\main\resources to target\classes
2023-11-09 08:01:15,962 [Worker-16: Building] WARN  o.a.m.s.f.DefaultMavenResourcesFiltering - Using platform encoding (Cp1252 actually) to copy filtered resources, i.e. build is platform dependent!
2023-11-09 08:01:15,963 [Worker-16: Building] INFO  o.a.m.s.f.DefaultMavenResourcesFiltering - skip non existing resourceDirectory F:\KANE_MOONPO_VINA\KANE_DEVELOPMENT\vConsumable\src\test\resources
2023-11-09 08:01:47,339 [Worker-35: Building] WARN  o.a.m.s.f.DefaultMavenResourcesFiltering - Using platform encoding (Cp1252 actually) to copy filtered resources, i.e. build is platform dependent!
2023-11-09 08:01:47,340 [Worker-35: Building] INFO  o.a.m.s.f.DefaultMavenResourcesFiltering - Copying 5 resources from src\main\resources to target\classes
2023-11-09 08:01:47,343 [Worker-35: Building] WARN  o.a.m.s.f.DefaultMavenResourcesFiltering - Using platform encoding (Cp1252 actually) to copy filtered resources, i.e. build is platform dependent!
2023-11-09 08:01:47,344 [Worker-35: Building] INFO  o.a.m.s.f.DefaultMavenResourcesFiltering - skip non existing resourceDirectory F:\KANE_MOONPO_VINA\KANE_DEVELOPMENT\vConsumable\src\test\resources
2023-11-09 08:04:19,225 [Worker-4: Loading available Gradle versions] INFO  o.e.b.c.i.u.g.PublishedGradleVersions - Gradle version information cache is up-to-date. Trying to read.
2023-11-09 08:05:42,822 [Worker-5: Loading available Gradle versions] INFO  o.e.b.c.i.u.g.PublishedGradleVersions - Gradle version information cache is up-to-date. Trying to read.
